
Showing logs for build [32mcb-kubecd-bdd-gh-1594898141-pr-67mcl-4[0m stage [32mfrom-build-pack[0m and container [32mstep-credential-initializer-nptdq[0m
{"level":"info","ts":1594901846.8392556,"logger":"fallback-logger","caller":"logging/config.go:69","msg":"Fetch GitHub commit ID from kodata failed: open /var/run/ko/refs/heads/0.8.0-ns-support: no such file or directory"}
{"level":"info","ts":1594901846.839816,"logger":"fallback-logger","caller":"creds-init/main.go:40","msg":"Credentials initialized."}

Showing logs for build [32mcb-kubecd-bdd-gh-1594898141-pr-67mcl-4[0m stage [32mfrom-build-pack[0m and container [32mstep-working-dir-initializer-2wc44[0m
{"level":"info","ts":1594901847.3348162,"logger":"fallback-logger","caller":"logging/config.go:69","msg":"Fetch GitHub commit ID from kodata failed: open /var/run/ko/HEAD: no such file or directory"}
{"level":"info","ts":1594901847.3364003,"logger":"fallback-logger","caller":"bash/main.go:64","msg":"Successfully executed command \"sh -c mkdir -p /workspace/source\"; output "}

Showing logs for build [32mcb-kubecd-bdd-gh-1594898141-pr-67mcl-4[0m stage [32mfrom-build-pack[0m and container [32mstep-place-tools[0m

Showing logs for build [32mcb-kubecd-bdd-gh-1594898141-pr-67mcl-4[0m stage [32mfrom-build-pack[0m and container [32mstep-git-source-cb-kubecd-bdd-gh-1594898141-pr-67mcl-vf57z[0m
{"level":"info","ts":1594901853.4402666,"logger":"fallback-logger","caller":"logging/config.go:69","msg":"Fetch GitHub commit ID from kodata failed: open /var/run/ko/refs/heads/0.8.0-ns-support: no such file or directory"}
{"level":"info","ts":1594901854.5123012,"logger":"fallback-logger","caller":"git/git.go:103","msg":"Successfully cloned https://github.com/cb-kubecd/bdd-gh-1594898141.git @ master in path /workspace/source"}

Showing logs for build [32mcb-kubecd-bdd-gh-1594898141-pr-67mcl-4[0m stage [32mfrom-build-pack[0m and container [32mstep-git-merge[0m
Using SHAs from PULL_REFS=master:50a12079de279da4de88deef851b2ff662a32cdd,1:90f4afdeb8a26162c1760eb8021b321f9ef6f727
DEBUG: LC_ALL=C JX_LOG_LEVEL=error git fetch origin --unshallow 90f4afdeb8a26162c1760eb8021b321f9ef6f727: 50a12079de279da4de88deef851b2ff662a32cdd:
DEBUG: ran git fetch --unshallow origin 90f4afdeb8a26162c1760eb8021b321f9ef6f727: 50a12079de279da4de88deef851b2ff662a32cdd: in 
DEBUG: LC_ALL=C JX_LOG_LEVEL=error git branch
DEBUG: LC_ALL=C JX_LOG_LEVEL=error git checkout master
DEBUG: ran git checkout master in 
DEBUG: LC_ALL=C JX_LOG_LEVEL=error git reset --hard 50a12079de279da4de88deef851b2ff662a32cdd
DEBUG: ran git reset --hard 50a12079de279da4de88deef851b2ff662a32cdd in 
DEBUG: LC_ALL=C JX_LOG_LEVEL=error git clean -fd .
DEBUG: ran clean --force -d . in 
DEBUG: LC_ALL=C JX_LOG_LEVEL=error git merge 90f4afdeb8a26162c1760eb8021b321f9ef6f727
DEBUG: ran git merge 90f4afdeb8a26162c1760eb8021b321f9ef6f727 in 
DEBUG: LC_ALL=C JX_LOG_LEVEL=error git log --format=%H%x1f%an%x1f%ae%x1f%cn%x1f%ce%x1f%s%n%b%x1e 50a12079de279da4de88deef851b2ff662a32cdd..HEAD
Merged SHA 90f4afdeb8a26162c1760eb8021b321f9ef6f727 with commit message 'Update main.go' into base branch master
Merged SHA 4399c4e41b896942dd9ca0d05ccd1cde28d6e897 with commit message 'My first PR commit' into base branch master

Showing logs for build [32mcb-kubecd-bdd-gh-1594898141-pr-67mcl-4[0m stage [32mfrom-build-pack[0m and container [32mstep-build-make-linux[0m
CGO_ENABLED=0 GOOS=linux GOARCH=amd64 GO15VENDOREXPERIMENT=1 go build -ldflags '' -o bin/bdd-gh-1594898141 main.go

Showing logs for build [32mcb-kubecd-bdd-gh-1594898141-pr-67mcl-4[0m stage [32mfrom-build-pack[0m and container [32mstep-build-container-build[0m
ERROR: logging before flag.Parse: E0716 12:17:41.329759      10 metadata.go:241] Failed to unmarshal scopes: json: cannot unmarshal string into Go value of type []string
[36mINFO[0m[0000] Resolved base name scratch to scratch        
[36mINFO[0m[0000] Using dockerignore file: /workspace/source/.dockerignore 
[36mINFO[0m[0000] Resolved base name scratch to scratch        
[36mINFO[0m[0000] Built cross stage deps: map[]                
[36mINFO[0m[0000] No base image, nothing to extract            
[36mINFO[0m[0000] cmd: EXPOSE                                  
[36mINFO[0m[0000] Adding exposed port: 8080/tcp                
[36mINFO[0m[0000] Checking for cached layer gcr.io/jenkins-x-labs-bdd/cache:4d65f563592cbfdf85deaec1181e7268923779a4766a9d3e17f9b3e883853f2d... 
[36mINFO[0m[0000] No cached layer found for cmd COPY ./bin/ /  
[36mINFO[0m[0000] Unpacking rootfs as cmd COPY ./bin/ / requires it. 
[36mINFO[0m[0000] Taking snapshot of full filesystem...        
[36mINFO[0m[0000] Resolving paths                              
[36mINFO[0m[0000] EXPOSE 8080                                  
[36mINFO[0m[0000] cmd: EXPOSE                                  
[36mINFO[0m[0000] Adding exposed port: 8080/tcp                
[36mINFO[0m[0000] No files changed in this command, skipping snapshotting. 
[36mINFO[0m[0000] ENTRYPOINT ["/bdd-gh-1594898141"]            
[36mINFO[0m[0000] No files changed in this command, skipping snapshotting. 
[36mINFO[0m[0000] COPY ./bin/ /                                
[36mINFO[0m[0000] Resolving paths                              
[36mINFO[0m[0000] Taking snapshot of files...                  
[36mINFO[0m[0001] Pushing layer gcr.io/jenkins-x-labs-bdd/cache:4d65f563592cbfdf85deaec1181e7268923779a4766a9d3e17f9b3e883853f2d to cache now 

Showing logs for build [32mcb-kubecd-bdd-gh-1594898141-pr-67mcl-4[0m stage [32mfrom-build-pack[0m and container [32mstep-promote-make-preview[0m
sed -i -e "s/version:.*/version: 0.0.0-SNAPSHOT-PR-1-4/" Chart.yaml
sed -i -e "s/version:.*/version: 0.0.0-SNAPSHOT-PR-1-4/" ../*/Chart.yaml
sed -i -e "s|repository:.*|repository: gcr.io\/jenkins-x-labs-bdd\/bdd-gh-1594898141|" values.yaml
sed -i -e "s/tag:.*/tag: 0.0.0-SNAPSHOT-PR-1-4/" values.yaml
echo "  version: 0.0.0-SNAPSHOT-PR-1-4" >> requirements.yaml
** step helm build
WARNING: No $CHART_REPOSITORY defined so using the default value of: http://jenkins-x-chartmuseum:8080
Adding missing Helm repo: storage.googleapis.com https://storage.googleapis.com/chartmuseum.jenkins-x.io
Successfully added Helm repository storage.googleapis.com.
Adding missing Helm repo: jenkins-x-chartmuseum http://jenkins-x-chartmuseum:8080
Successfully added Helm repository jenkins-x-chartmuseum.
WARNING: No $CHART_REPOSITORY defined so using the default value of: http://jenkins-x-chartmuseum:8080

Showing logs for build [32mcb-kubecd-bdd-gh-1594898141-pr-67mcl-4[0m stage [32mfrom-build-pack[0m and container [32mstep-promote-jx-preview[0m
Creating a preview
expose:
  Annotations:
    helm.sh/hook: post-install,post-upgrade
    helm.sh/hook-delete-policy: hook-succeeded
  config:
    domain: cluster.local
    exposer: Ingress
    http: "true"
preview:
  image:
    repository: gcr.io/jenkins-x-labs-bdd/bdd-gh-1594898141
    tag: 0.0.0-SNAPSHOT-PR-1-4
adding helm values file /workspace/source/charts/preview/**Requirements.values.yaml for namespace **-cb-kubecd-bdd-gh-1594898141-pr-1
error: failed to run 'helm upgrade --namespace **-cb-kubecd-bdd-gh-1594898141-pr-1 --install --wait --force --timeout 6000s --set tags.**-ns-**-cb-kubecd-bdd-gh-1594898141-pr-1=true --set global.**NsJxCbKubecdBddGh1594898141Pr1=true --set tags.**-preview=true --set tags.**-env-cb-kubecd-bdd-gh-1594898141-pr-1=true --set global.**Preview=true --set global.**EnvCbKubecdBddGh1594898141Pr1=true --set-string global.**Ns=**-cb-kubecd-bdd-gh-1594898141-pr-1 --set-string global.**TypeEnv=preview --set-string global.**Env=cb-kubecd-bdd-gh-1594898141-pr-1 --set-string global.**PreviewApp=bdd-gh-1594898141 --set-string global.**PreviewPr=1 --values /tmp/values.yaml063752114 --values /tmp/values.yaml244477801 --values /tmp/values.yaml238286260 preview .' command in directory '', output: 'Error: UPGRADE FAILED: failed to replace object: Service "bdd-gh-1594898141" is invalid: spec.clusterIP: Invalid value: "": field is immutable'
[31m
Pipeline failed on stage 'from-build-pack' : container 'step-promote-jx-preview'. The execution of the pipeline has stopped.[0m
